{"meta": {"format": 3, "version": "7.13.5", "timestamp": "2026-05-06T13:30:10.198314", "branch_coverage": false, "show_contexts": false}, "files": {"mnemonic/__init__.py": {"executed_lines": [], "summary": {"covered_lines": 0, "num_statements": 0, "percent_covered": 100.0, "percent_covered_display": "100", "missing_lines": 0, "excluded_lines": 0, "percent_statements_covered": 100.0, "percent_statements_covered_display": "100"}, "missing_lines": [], "excluded_lines": [], "functions": {"": {"executed_lines": [], "summary": {"covered_lines": 0, "num_statements": 0, "percent_covered": 100.0, "percent_covered_display": "100", "missing_lines": 0, "excluded_lines": 0, "percent_statements_covered": 100.0, "percent_statements_covered_display": "100"}, "missing_lines": [], "excluded_lines": [], "start_line": 1}}, "classes": {"": {"executed_lines": [], "summary": {"covered_lines": 0, "num_statements": 0, "percent_covered": 100.0, "percent_covered_display": "100", "missing_lines": 0, "excluded_lines": 0, "percent_statements_covered": 100.0, "percent_statements_covered_display": "100"}, "missing_lines": [], "excluded_lines": [], "start_line": 1}}}, "mnemonic/adaptive_window.py": {"executed_lines": [7, 8, 9, 12, 13, 15, 16, 17, 21, 28, 40, 42, 43, 44, 45, 47, 50, 66, 69, 70, 73, 76, 79, 80, 83, 90, 93, 103, 106, 109, 112, 114, 117, 127, 130, 133, 136, 139, 140, 141, 143, 146, 149, 159, 170, 179, 187, 190, 193, 201, 208, 209, 210, 211, 212, 213, 214, 216, 219], "summary": {"covered_lines": 59, "num_statements": 60, "percent_covered": 98.33333333333333, "percent_covered_display": "98", "missing_lines": 1, "excluded_lines": 0, "percent_statements_covered": 98.33333333333333, "percent_statements_covered_display": "98"}, "missing_lines": [221], "excluded_lines": [], "functions": {"determine_extraction_window": {"executed_lines": [40, 42, 43, 44, 45, 47], "summary": {"covered_lines": 6, "num_statements": 6, "percent_covered": 100.0, "percent_covered_display": "100", "missing_lines": 0, "excluded_lines": 0, "percent_statements_covered": 100.0, "percent_statements_covered_display": "100"}, "missing_lines": [], "excluded_lines": [], "start_line": 28}, "analyze_conversation_complexity": {"executed_lines": [66, 69, 70, 73, 76, 79, 80, 83, 90], "summary": {"covered_lines": 9, "num_statements": 9, "percent_covered": 100.0, "percent_covered_display": "100", "missing_lines": 0, "excluded_lines": 0, "percent_statements_covered": 100.0, "percent_statements_covered_display": "100"}, "missing_lines": [], "excluded_lines": [], "start_line": 50}, "_count_entities": {"executed_lines": [103, 106, 109, 112, 114], "summary": {"covered_lines": 5, "num_statements": 5, "percent_covered": 100.0, "percent_covered_display": "100", "missing_lines": 0, "excluded_lines": 0, "percent_statements_covered": 100.0, "percent_statements_covered_display": "100"}, "missing_lines": [], "excluded_lines": [], "start_line": 93}, "_calculate_relation_density": {"executed_lines": [127, 130, 133, 136, 139, 140, 141, 143, 146], "summary": {"covered_lines": 9, "num_statements": 9, "percent_covered": 100.0, "percent_covered_display": "100", "missing_lines": 0, "excluded_lines": 0, "percent_statements_covered": 100.0, "percent_statements_covered_display": "100"}, "missing_lines": [], "excluded_lines": [], "start_line": 117}, "_detect_temporal_references": {"executed_lines": [159, 170, 179, 187, 190], "summary": {"covered_lines": 5, "num_statements": 5, "percent_covered": 100.0, "percent_covered_display": "100", "missing_lines": 0, "excluded_lines": 0, "percent_statements_covered": 100.0, "percent_statements_covered_display": "100"}, "missing_lines": [], "excluded_lines": [], "start_line": 149}, "_detect_topic_switches": {"executed_lines": [201, 208, 209, 210, 211, 212, 213, 214, 216], "summary": {"covered_lines": 9, "num_statements": 9, "percent_covered": 100.0, "percent_covered_display": "100", "missing_lines": 0, "excluded_lines": 0, "percent_statements_covered": 100.0, "percent_statements_covered_display": "100"}, "missing_lines": [], "excluded_lines": [], "start_line": 193}, "get_window_stats": {"executed_lines": [], "summary": {"covered_lines": 0, "num_statements": 1, "percent_covered": 0.0, "percent_covered_display": "0", "missing_lines": 1, "excluded_lines": 0, "percent_statements_covered": 0.0, "percent_statements_covered_display": "0"}, "missing_lines": [221], "excluded_lines": [], "start_line": 219}, "": {"executed_lines": [7, 8, 9, 12, 13, 15, 16, 17, 21, 28, 50, 93, 117, 149, 193, 219], "summary": {"covered_lines": 16, "num_statements": 16, "percent_covered": 100.0, "percent_covered_display": "100", "missing_lines": 0, "excluded_lines": 0, "percent_statements_covered": 100.0, "percent_statements_covered_display": "100"}, "missing_lines": [], "excluded_lines": [], "start_line": 1}}, "classes": {"ExtractionWindow": {"executed_lines": [], "summary": {"covered_lines": 0, "num_statements": 0, "percent_covered": 100.0, "percent_covered_display": "100", "missing_lines": 0, "excluded_lines": 0, "percent_statements_covered": 100.0, "percent_statements_covered_display": "100"}, "missing_lines": [], "excluded_lines": [], "start_line": 13}, "": {"executed_lines": [7, 8, 9, 12, 13, 15, 16, 17, 21, 28, 40, 42, 43, 44, 45, 47, 50, 66, 69, 70, 73, 76, 79, 80, 83, 90, 93, 103, 106, 109, 112, 114, 117, 127, 130, 133, 136, 139, 140, 141, 143, 146, 149, 159, 170, 179, 187, 190, 193, 201, 208, 209, 210, 211, 212, 213, 214, 216, 219], "summary": {"covered_lines": 59, "num_statements": 60, "percent_covered": 98.33333333333333, "percent_covered_display": "98", "missing_lines": 1, "excluded_lines": 0, "percent_statements_covered": 98.33333333333333, "percent_statements_covered_display": "98"}, "missing_lines": [221], "excluded_lines": [], "start_line": 1}}}, "mnemonic/api.py": {"executed_lines": [], "summary": {"covered_lines": 0, "num_statements": 152, "percent_covered": 0.0, "percent_covered_display": "0", "missing_lines": 152, "excluded_lines": 0, "percent_statements_covered": 0.0, "percent_statements_covered_display": "0"}, "missing_lines": [3, 4, 6, 7, 9, 10, 11, 22, 23, 24, 25, 28, 29, 31, 32, 33, 36, 44, 54, 56, 57, 58, 59, 62, 64, 68, 69, 71, 74, 75, 81, 82, 87, 88, 89, 92, 93, 96, 97, 106, 113, 121, 122, 128, 130, 131, 132, 133, 135, 136, 137, 139, 142, 143, 150, 151, 152, 154, 155, 156, 157, 160, 161, 162, 164, 165, 166, 168, 171, 172, 178, 179, 180, 182, 183, 184, 185, 187, 188, 189, 192, 193, 200, 203, 204, 205, 207, 208, 214, 223, 225, 235, 245, 256, 266, 267, 273, 274, 277, 279, 280, 283, 284, 285, 288, 289, 295, 298, 300, 302, 303, 304, 305, 306, 308, 309, 311, 313, 314, 319, 320, 323, 324, 325, 328, 329, 330, 332, 333, 334, 335, 336, 337, 338, 339, 340, 341, 342, 343, 344, 345, 347, 348, 349, 350, 351, 352, 353, 354, 355, 356, 358], "excluded_lines": [], "functions": {"lifespan": {"executed_lines": [], "summary": {"covered_lines": 0, "num_statements": 3, "percent_covered": 0.0, "percent_covered_display": "0", "missing_lines": 3, "excluded_lines": 0, "percent_statements_covered": 0.0, "percent_statements_covered_display": "0"}, "missing_lines": [31, 32, 33], "excluded_lines": [], "start_line": 29}, "parse_namespace": {"executed_lines": [], "summary": {"covered_lines": 0, "num_statements": 4, "percent_covered": 0.0, "percent_covered_display": "0", "missing_lines": 4, "excluded_lines": 0, "percent_statements_covered": 0.0, "percent_statements_covered_display": "0"}, "missing_lines": [56, 57, 58, 59], "excluded_lines": [], "start_line": 54}, "get_store": {"executed_lines": [], "summary": {"covered_lines": 0, "num_statements": 1, "percent_covered": 0.0, "percent_covered_display": "0", "missing_lines": 1, "excluded_lines": 0, "percent_statements_covered": 0.0, "percent_statements_covered_display": "0"}, "missing_lines": [64], "excluded_lines": [], "start_line": 62}, "health_check": {"executed_lines": [], "summary": {"covered_lines": 0, "num_statements": 1, "percent_covered": 0.0, "percent_covered_display": "0", "missing_lines": 1, "excluded_lines": 0, "percent_statements_covered": 0.0, "percent_statements_covered_display": "0"}, "missing_lines": [71], "excluded_lines": [], "start_line": 69}, "create_memory": {"executed_lines": [], "summary": {"covered_lines": 0, "num_statements": 7, "percent_covered": 0.0, "percent_covered_display": "0", "missing_lines": 7, "excluded_lines": 0, "percent_statements_covered": 0.0, "percent_statements_covered_display": "0"}, "missing_lines": [81, 82, 87, 88, 89, 92, 93], "excluded_lines": [], "start_line": 75}, "list_memories": {"executed_lines": [], "summary": {"covered_lines": 0, "num_statements": 2, "percent_covered": 0.0, "percent_covered_display": "0", "missing_lines": 2, "excluded_lines": 0, "percent_statements_covered": 0.0, "percent_statements_covered_display": "0"}, "missing_lines": [106, 113], "excluded_lines": [], "start_line": 97}, "get_memory": {"executed_lines": [], "summary": {"covered_lines": 0, "num_statements": 9, "percent_covered": 0.0, "percent_covered_display": "0", "missing_lines": 9, "excluded_lines": 0, "percent_statements_covered": 0.0, "percent_statements_covered_display": "0"}, "missing_lines": [128, 130, 131, 132, 133, 135, 136, 137, 139], "excluded_lines": [], "start_line": 122}, "update_memory": {"executed_lines": [], "summary": {"covered_lines": 0, "num_statements": 14, "percent_covered": 0.0, "percent_covered_display": "0", "missing_lines": 14, "excluded_lines": 0, "percent_statements_covered": 0.0, "percent_statements_covered_display": "0"}, "missing_lines": [150, 151, 152, 154, 155, 156, 157, 160, 161, 162, 164, 165, 166, 168], "excluded_lines": [], "start_line": 143}, "delete_memory": {"executed_lines": [], "summary": {"covered_lines": 0, "num_statements": 10, "percent_covered": 0.0, "percent_covered_display": "0", "missing_lines": 10, "excluded_lines": 0, "percent_statements_covered": 0.0, "percent_statements_covered_display": "0"}, "missing_lines": [178, 179, 180, 182, 183, 184, 185, 187, 188, 189], "excluded_lines": [], "start_line": 172}, "search_memories": {"executed_lines": [], "summary": {"covered_lines": 0, "num_statements": 12, "percent_covered": 0.0, "percent_covered_display": "0", "missing_lines": 12, "excluded_lines": 0, "percent_statements_covered": 0.0, "percent_statements_covered_display": "0"}, "missing_lines": [200, 203, 204, 205, 207, 208, 214, 223, 225, 235, 245, 256], "excluded_lines": [], "start_line": 193}, "extract_and_store": {"executed_lines": [], "summary": {"covered_lines": 0, "num_statements": 56, "percent_covered": 0.0, "percent_covered_display": "0", "missing_lines": 56, "excluded_lines": 0, "percent_statements_covered": 0.0, "percent_statements_covered_display": "0"}, "missing_lines": [273, 274, 277, 279, 280, 283, 284, 285, 288, 289, 295, 298, 300, 302, 303, 304, 305, 306, 308, 309, 311, 313, 314, 319, 320, 323, 324, 325, 328, 329, 330, 332, 333, 334, 335, 336, 337, 338, 339, 340, 341, 342, 343, 344, 345, 347, 348, 349, 350, 351, 352, 353, 354, 355, 356, 358], "excluded_lines": [], "start_line": 267}, "": {"executed_lines": [], "summary": {"covered_lines": 0, "num_statements": 33, "percent_covered": 0.0, "percent_covered_display": "0", "missing_lines": 33, "excluded_lines": 0, "percent_statements_covered": 0.0, "percent_statements_covered_display": "0"}, "missing_lines": [3, 4, 6, 7, 9, 10, 11, 22, 23, 24, 25, 28, 29, 36, 44, 54, 62, 68, 69, 74, 75, 96, 97, 121, 122, 142, 143, 171, 172, 192, 193, 266, 267], "excluded_lines": [], "start_line": 1}}, "classes": {"": {"executed_lines": [], "summary": {"covered_lines": 0, "num_statements": 152, "percent_covered": 0.0, "percent_covered_display": "0", "missing_lines": 152, "excluded_lines": 0, "percent_statements_covered": 0.0, "percent_statements_covered_display": "0"}, "missing_lines": [3, 4, 6, 7, 9, 10, 11, 22, 23, 24, 25, 28, 29, 31, 32, 33, 36, 44, 54, 56, 57, 58, 59, 62, 64, 68, 69, 71, 74, 75, 81, 82, 87, 88, 89, 92, 93, 96, 97, 106, 113, 121, 122, 128, 130, 131, 132, 133, 135, 136, 137, 139, 142, 143, 150, 151, 152, 154, 155, 156, 157, 160, 161, 162, 164, 165, 166, 168, 171, 172, 178, 179, 180, 182, 183, 184, 185, 187, 188, 189, 192, 193, 200, 203, 204, 205, 207, 208, 214, 223, 225, 235, 245, 256, 266, 267, 273, 274, 277, 279, 280, 283, 284, 285, 288, 289, 295, 298, 300, 302, 303, 304, 305, 306, 308, 309, 311, 313, 314, 319, 320, 323, 324, 325, 328, 329, 330, 332, 333, 334, 335, 336, 337, 338, 339, 340, 341, 342, 343, 344, 345, 347, 348, 349, 350, 351, 352, 353, 354, 355, 356, 358], "excluded_lines": [], "start_line": 1}}}, "mnemonic/config.py": {"executed_lines": [], "summary": {"covered_lines": 0, "num_statements": 37, "percent_covered": 0.0, "percent_covered_display": "0", "missing_lines": 37, "excluded_lines": 0, "percent_statements_covered": 0.0, "percent_statements_covered_display": "0"}, "missing_lines": [3, 4, 5, 7, 10, 13, 14, 15, 17, 18, 20, 21, 22, 24, 26, 27, 28, 29, 30, 31, 33, 34, 35, 36, 37, 39, 40, 42, 43, 45, 46, 48, 49, 54, 55, 57, 61], "excluded_lines": [], "functions": {"Config.__init__": {"executed_lines": [], "summary": {"covered_lines": 0, "num_statements": 4, "percent_covered": 0.0, "percent_covered_display": "0", "missing_lines": 4, "excluded_lines": 0, "percent_statements_covered": 0.0, "percent_statements_covered_display": "0"}, "missing_lines": [14, 15, 17, 18], "excluded_lines": [], "start_line": 13}, "Config._load_yaml": {"executed_lines": [], "summary": {"covered_lines": 0, "num_statements": 2, "percent_covered": 0.0, "percent_covered_display": "0", "missing_lines": 2, "excluded_lines": 0, "percent_statements_covered": 0.0, "percent_statements_covered_display": "0"}, "missing_lines": [21, 22], "excluded_lines": [], "start_line": 20}, "Config._substitute_env": {"executed_lines": [], "summary": {"covered_lines": 0, "num_statements": 11, "percent_covered": 0.0, "percent_covered_display": "0", "missing_lines": 11, "excluded_lines": 0, "percent_statements_covered": 0.0, "percent_statements_covered_display": "0"}, "missing_lines": [26, 27, 28, 29, 30, 31, 33, 34, 35, 36, 37], "excluded_lines": [], "start_line": 24}, "Config.__getitem__": {"executed_lines": [], "summary": {"covered_lines": 0, "num_statements": 1, "percent_covered": 0.0, "percent_covered_display": "0", "missing_lines": 1, "excluded_lines": 0, "percent_statements_covered": 0.0, "percent_statements_covered_display": "0"}, "missing_lines": [40], "excluded_lines": [], "start_line": 39}, "Config.get": {"executed_lines": [], "summary": {"covered_lines": 0, "num_statements": 1, "percent_covered": 0.0, "percent_covered_display": "0", "missing_lines": 1, "excluded_lines": 0, "percent_statements_covered": 0.0, "percent_statements_covered_display": "0"}, "missing_lines": [43], "excluded_lines": [], "start_line": 42}, "Config.database_url": {"executed_lines": [], "summary": {"covered_lines": 0, "num_statements": 2, "percent_covered": 0.0, "percent_covered_display": "0", "missing_lines": 2, "excluded_lines": 0, "percent_statements_covered": 0.0, "percent_statements_covered_display": "0"}, "missing_lines": [48, 49], "excluded_lines": [], "start_line": 46}, "Config.async_database_url": {"executed_lines": [], "summary": {"covered_lines": 0, "num_statements": 1, "percent_covered": 0.0, "percent_covered_display": "0", "missing_lines": 1, "excluded_lines": 0, "percent_statements_covered": 0.0, "percent_statements_covered_display": "0"}, "missing_lines": [57], "excluded_lines": [], "start_line": 55}, "": {"executed_lines": [], "summary": {"covered_lines": 0, "num_statements": 15, "percent_covered": 0.0, "percent_covered_display": "0", "missing_lines": 15, "excluded_lines": 0, "percent_statements_covered": 0.0, "percent_statements_covered_display": "0"}, "missing_lines": [3, 4, 5, 7, 10, 13, 20, 24, 39, 42, 45, 46, 54, 55, 61], "excluded_lines": [], "start_line": 1}}, "classes": {"Config": {"executed_lines": [], "summary": {"covered_lines": 0, "num_statements": 22, "percent_covered": 0.0, "percent_covered_display": "0", "missing_lines": 22, "excluded_lines": 0, "percent_statements_covered": 0.0, "percent_statements_covered_display": "0"}, "missing_lines": [14, 15, 17, 18, 21, 22, 26, 27, 28, 29, 30, 31, 33, 34, 35, 36, 37, 40, 43, 48, 49, 57], "excluded_lines": [], "start_line": 10}, "": {"executed_lines": [], "summary": {"covered_lines": 0, "num_statements": 15, "percent_covered": 0.0, "percent_covered_display": "0", "missing_lines": 15, "excluded_lines": 0, "percent_statements_covered": 0.0, "percent_statements_covered_display": "0"}, "missing_lines": [3, 4, 5, 7, 10, 13, 20, 24, 39, 42, 45, 46, 54, 55, 61], "excluded_lines": [], "start_line": 1}}}, "mnemonic/conflict_detection.py": {"executed_lines": [7, 8, 9, 10, 13, 15, 16, 17, 18, 19, 22, 23, 25, 26, 27, 28, 29, 32, 46, 47, 50, 51, 54, 56, 58, 59, 62, 63, 66, 69, 72, 88, 90, 91, 95, 96, 98, 100, 101, 102, 103, 105, 107, 108, 109, 122, 134, 136, 137, 138, 140, 141, 147, 149, 152, 163, 164, 166, 167, 169, 170, 172, 175, 185, 198, 199, 200, 201, 204, 207, 213, 214, 217, 218, 221, 223, 226, 231, 232, 233, 235, 238, 248, 251, 252, 254, 255, 258, 264, 270, 272, 275, 277, 284], "summary": {"covered_lines": 94, "num_statements": 102, "percent_covered": 92.15686274509804, "percent_covered_display": "92", "missing_lines": 8, "excluded_lines": 0, "percent_statements_covered": 92.15686274509804, "percent_statements_covered_display": "92"}, "missing_lines": [57, 67, 111, 113, 114, 118, 119, 202], "excluded_lines": [], "functions": {"detect_conflict": {"executed_lines": [46, 47, 50, 51, 54, 56, 58, 59, 62, 63, 66, 69], "summary": {"covered_lines": 12, "num_statements": 14, "percent_covered": 85.71428571428571, "percent_covered_display": "86", "missing_lines": 2, "excluded_lines": 0, "percent_statements_covered": 85.71428571428571, "percent_statements_covered_display": "86"}, "missing_lines": [57, 67], "excluded_lines": [], "start_line": 32}, "resolve_conflict": {"executed_lines": [88, 90, 91, 95, 96, 98, 100, 101, 102, 103, 105, 107, 108, 109], "summary": {"covered_lines": 14, "num_statements": 19, "percent_covered": 73.6842105263158, "percent_covered_display": "74", "missing_lines": 5, "excluded_lines": 0, "percent_statements_covered": 73.6842105263158, "percent_statements_covered_display": "74"}, "missing_lines": [111, 113, 114, 118, 119], "excluded_lines": [], "start_line": 72}, "detect_all_conflicts": {"executed_lines": [134, 136, 137, 138, 140, 141, 147, 149], "summary": {"covered_lines": 8, "num_statements": 8, "percent_covered": 100.0, "percent_covered_display": "100", "missing_lines": 0, "excluded_lines": 0, "percent_statements_covered": 100.0, "percent_statements_covered_display": "100"}, "missing_lines": [], "excluded_lines": [], "start_line": 122}, "_calculate_similarity": {"executed_lines": [163, 164, 166, 167, 169, 170, 172], "summary": {"covered_lines": 7, "num_statements": 7, "percent_covered": 100.0, "percent_covered_display": "100", "missing_lines": 0, "excluded_lines": 0, "percent_statements_covered": 100.0, "percent_statements_covered_display": "100"}, "missing_lines": [], "excluded_lines": [], "start_line": 152}, "_is_contradiction": {"executed_lines": [185, 198, 199, 200, 201, 204], "summary": {"covered_lines": 6, "num_statements": 7, "percent_covered": 85.71428571428571, "percent_covered_display": "86", "missing_lines": 1, "excluded_lines": 0, "percent_statements_covered": 85.71428571428571, "percent_statements_covered_display": "86"}, "missing_lines": [202], "excluded_lines": [], "start_line": 175}, "_is_update": {"executed_lines": [213, 214, 217, 218, 221, 223, 226, 231, 232, 233, 235], "summary": {"covered_lines": 11, "num_statements": 11, "percent_covered": 100.0, "percent_covered_display": "100", "missing_lines": 0, "excluded_lines": 0, "percent_statements_covered": 100.0, "percent_statements_covered_display": "100"}, "missing_lines": [], "excluded_lines": [], "start_line": 207}, "_merge_memories": {"executed_lines": [248, 251, 252, 254, 255, 258, 264, 270, 272], "summary": {"covered_lines": 9, "num_statements": 9, "percent_covered": 100.0, "percent_covered_display": "100", "missing_lines": 0, "excluded_lines": 0, "percent_statements_covered": 100.0, "percent_statements_covered_display": "100"}, "missing_lines": [], "excluded_lines": [], "start_line": 238}, "_get_conflict_reason": {"executed_lines": [277, 284], "summary": {"covered_lines": 2, "num_statements": 2, "percent_covered": 100.0, "percent_covered_display": "100", "missing_lines": 0, "excluded_lines": 0, "percent_statements_covered": 100.0, "percent_statements_covered_display": "100"}, "missing_lines": [], "excluded_lines": [], "start_line": 275}, "": {"executed_lines": [7, 8, 9, 10, 13, 15, 16, 17, 18, 19, 22, 23, 25, 26, 27, 28, 29, 32, 72, 122, 152, 175, 207, 238, 275], "summary": {"covered_lines": 25, "num_statements": 25, "percent_covered": 100.0, "percent_covered_display": "100", "missing_lines": 0, "excluded_lines": 0, "percent_statements_covered": 100.0, "percent_statements_covered_display": "100"}, "missing_lines": [], "excluded_lines": [], "start_line": 1}}, "classes": {"ConflictType": {"executed_lines": [], "summary": {"covered_lines": 0, "num_statements": 0, "percent_covered": 100.0, "percent_covered_display": "100", "missing_lines": 0, "excluded_lines": 0, "percent_statements_covered": 100.0, "percent_statements_covered_display": "100"}, "missing_lines": [], "excluded_lines": [], "start_line": 13}, "Conflict": {"executed_lines": [], "summary": {"covered_lines": 0, "num_statements": 0, "percent_covered": 100.0, "percent_covered_display": "100", "missing_lines": 0, "excluded_lines": 0, "percent_statements_covered": 100.0, "percent_statements_covered_display": "100"}, "missing_lines": [], "excluded_lines": [], "start_line": 23}, "": {"executed_lines": [7, 8, 9, 10, 13, 15, 16, 17, 18, 19, 22, 23, 25, 26, 27, 28, 29, 32, 46, 47, 50, 51, 54, 56, 58, 59, 62, 63, 66, 69, 72, 88, 90, 91, 95, 96, 98, 100, 101, 102, 103, 105, 107, 108, 109, 122, 134, 136, 137, 138, 140, 141, 147, 149, 152, 163, 164, 166, 167, 169, 170, 172, 175, 185, 198, 199, 200, 201, 204, 207, 213, 214, 217, 218, 221, 223, 226, 231, 232, 233, 235, 238, 248, 251, 252, 254, 255, 258, 264, 270, 272, 275, 277, 284], "summary": {"covered_lines": 94, "num_statements": 102, "percent_covered": 92.15686274509804, "percent_covered_display": "92", "missing_lines": 8, "excluded_lines": 0, "percent_statements_covered": 92.15686274509804, "percent_statements_covered_display": "92"}, "missing_lines": [57, 67, 111, 113, 114, 118, 119, 202], "excluded_lines": [], "start_line": 1}}}, "mnemonic/database.py": {"executed_lines": [], "summary": {"covered_lines": 0, "num_statements": 41, "percent_covered": 0.0, "percent_covered_display": "0", "missing_lines": 41, "excluded_lines": 0, "percent_statements_covered": 0.0, "percent_statements_covered_display": "0"}, "missing_lines": [3, 4, 6, 8, 11, 19, 22, 24, 25, 26, 27, 28, 29, 30, 33, 34, 36, 37, 38, 39, 40, 41, 42, 45, 47, 48, 49, 51, 53, 55, 56, 57, 58, 61, 62, 63, 66, 69, 70, 73, 75], "excluded_lines": [], "functions": {"get_session": {"executed_lines": [], "summary": {"covered_lines": 0, "num_statements": 7, "percent_covered": 0.0, "percent_covered_display": "0", "missing_lines": 7, "excluded_lines": 0, "percent_statements_covered": 0.0, "percent_statements_covered_display": "0"}, "missing_lines": [24, 25, 26, 27, 28, 29, 30], "excluded_lines": [], "start_line": 22}, "get_session_context": {"executed_lines": [], "summary": {"covered_lines": 0, "num_statements": 7, "percent_covered": 0.0, "percent_covered_display": "0", "missing_lines": 7, "excluded_lines": 0, "percent_statements_covered": 0.0, "percent_statements_covered_display": "0"}, "missing_lines": [36, 37, 38, 39, 40, 41, 42], "excluded_lines": [], "start_line": 34}, "init_db": {"executed_lines": [], "summary": {"covered_lines": 0, "num_statements": 15, "percent_covered": 0.0, "percent_covered_display": "0", "missing_lines": 15, "excluded_lines": 0, "percent_statements_covered": 0.0, "percent_statements_covered_display": "0"}, "missing_lines": [47, 48, 49, 51, 53, 55, 56, 57, 58, 61, 62, 63, 66, 69, 70], "excluded_lines": [], "start_line": 45}, "close_db": {"executed_lines": [], "summary": {"covered_lines": 0, "num_statements": 1, "percent_covered": 0.0, "percent_covered_display": "0", "missing_lines": 1, "excluded_lines": 0, "percent_statements_covered": 0.0, "percent_statements_covered_display": "0"}, "missing_lines": [75], "excluded_lines": [], "start_line": 73}, "": {"executed_lines": [], "summary": {"covered_lines": 0, "num_statements": 11, "percent_covered": 0.0, "percent_covered_display": "0", "missing_lines": 11, "excluded_lines": 0, "percent_statements_covered": 0.0, "percent_statements_covered_display": "0"}, "missing_lines": [3, 4, 6, 8, 11, 19, 22, 33, 34, 45, 73], "excluded_lines": [], "start_line": 1}}, "classes": {"": {"executed_lines": [], "summary": {"covered_lines": 0, "num_statements": 41, "percent_covered": 0.0, "percent_covered_display": "0", "missing_lines": 41, "excluded_lines": 0, "percent_statements_covered": 0.0, "percent_statements_covered_display": "0"}, "missing_lines": [3, 4, 6, 8, 11, 19, 22, 24, 25, 26, 27, 28, 29, 30, 33, 34, 36, 37, 38, 39, 40, 41, 42, 45, 47, 48, 49, 51, 53, 55, 56, 57, 58, 61, 62, 63, 66, 69, 70, 73, 75], "excluded_lines": [], "start_line": 1}}}, "mnemonic/diffusion_retrieval.py": {"executed_lines": [8, 9, 12, 13, 15, 16, 17, 18, 19, 22, 43, 48, 53, 58, 59, 60, 63, 65, 74, 89, 95, 96, 99, 100, 102, 104, 107, 108, 114, 115, 116, 117, 119, 122, 138, 141, 144, 146, 147, 152, 155, 156, 161, 164, 176, 179, 180, 181, 182, 183, 186, 187, 188, 189, 190, 193, 194, 195, 196, 198, 200, 203, 205, 207, 208, 210, 211, 212, 213, 216, 219, 221, 223, 224, 226, 227, 228, 231, 234, 239, 242, 243, 244, 246, 249, 251, 252, 254, 255], "summary": {"covered_lines": 89, "num_statements": 89, "percent_covered": 100.0, "percent_covered_display": "100", "missing_lines": 0, "excluded_lines": 0, "percent_statements_covered": 100.0, "percent_statements_covered_display": "100"}, "missing_lines": [], "excluded_lines": [], "functions": {"bidirectional_diffusion_search": {"executed_lines": [43, 48, 53, 58, 59, 60, 63, 65], "summary": {"covered_lines": 8, "num_statements": 8, "percent_covered": 100.0, "percent_covered_display": "100", "missing_lines": 0, "excluded_lines": 0, "percent_statements_covered": 100.0, "percent_statements_covered_display": "100"}, "missing_lines": [], "excluded_lines": [], "start_line": 22}, "_forward_diffusion": {"executed_lines": [89, 95, 96, 99, 100, 102, 104, 107, 108, 114, 115, 116, 117, 119], "summary": {"covered_lines": 14, "num_statements": 14, "percent_covered": 100.0, "percent_covered_display": "100", "missing_lines": 0, "excluded_lines": 0, "percent_statements_covered": 100.0, "percent_statements_covered_display": "100"}, "missing_lines": [], "excluded_lines": [], "start_line": 74}, "_backward_diffusion": {"executed_lines": [138, 141, 144, 146, 147, 152, 155, 156, 161], "summary": {"covered_lines": 9, "num_statements": 9, "percent_covered": 100.0, "percent_covered_display": "100", "missing_lines": 0, "excluded_lines": 0, "percent_statements_covered": 100.0, "percent_statements_covered_display": "100"}, "missing_lines": [], "excluded_lines": [], "start_line": 122}, "_combine_diffusion_results": {"executed_lines": [176, 179, 180, 181, 182, 183, 186, 187, 188, 189, 190, 193, 198, 200], "summary": {"covered_lines": 14, "num_statements": 14, "percent_covered": 100.0, "percent_covered_display": "100", "missing_lines": 0, "excluded_lines": 0, "percent_statements_covered": 100.0, "percent_statements_covered_display": "100"}, "missing_lines": [], "excluded_lines": [], "start_line": 164}, "_combine_diffusion_results.sort_key": {"executed_lines": [194, 195, 196], "summary": {"covered_lines": 3, "num_statements": 3, "percent_covered": 100.0, "percent_covered_display": "100", "missing_lines": 0, "excluded_lines": 0, "percent_statements_covered": 100.0, "percent_statements_covered_display": "100"}, "missing_lines": [], "excluded_lines": [], "start_line": 193}, "_extract_keywords": {"executed_lines": [205, 207, 208, 210, 211, 212, 213, 216], "summary": {"covered_lines": 8, "num_statements": 8, "percent_covered": 100.0, "percent_covered_display": "100", "missing_lines": 0, "excluded_lines": 0, "percent_statements_covered": 100.0, "percent_statements_covered_display": "100"}, "missing_lines": [], "excluded_lines": [], "start_line": 203}, "_extract_concepts": {"executed_lines": [221, 223, 224, 226, 227, 228, 231], "summary": {"covered_lines": 7, "num_statements": 7, "percent_covered": 100.0, "percent_covered_display": "100", "missing_lines": 0, "excluded_lines": 0, "percent_statements_covered": 100.0, "percent_statements_covered_display": "100"}, "missing_lines": [], "excluded_lines": [], "start_line": 219}, "_generate_refinements": {"executed_lines": [239, 242, 243, 244, 246], "summary": {"covered_lines": 5, "num_statements": 5, "percent_covered": 100.0, "percent_covered_display": "100", "missing_lines": 0, "excluded_lines": 0, "percent_statements_covered": 100.0, "percent_statements_covered_display": "100"}, "missing_lines": [], "excluded_lines": [], "start_line": 234}, "_calculate_diffusion_score": {"executed_lines": [251, 252, 254, 255], "summary": {"covered_lines": 4, "num_statements": 4, "percent_covered": 100.0, "percent_covered_display": "100", "missing_lines": 0, "excluded_lines": 0, "percent_statements_covered": 100.0, "percent_statements_covered_display": "100"}, "missing_lines": [], "excluded_lines": [], "start_line": 249}, "": {"executed_lines": [8, 9, 12, 13, 15, 16, 17, 18, 19, 22, 74, 122, 164, 203, 219, 234, 249], "summary": {"covered_lines": 17, "num_statements": 17, "percent_covered": 100.0, "percent_covered_display": "100", "missing_lines": 0, "excluded_lines": 0, "percent_statements_covered": 100.0, "percent_statements_covered_display": "100"}, "missing_lines": [], "excluded_lines": [], "start_line": 1}}, "classes": {"DiffusionResult": {"executed_lines": [], "summary": {"covered_lines": 0, "num_statements": 0, "percent_covered": 100.0, "percent_covered_display": "100", "missing_lines": 0, "excluded_lines": 0, "percent_statements_covered": 100.0, "percent_statements_covered_display": "100"}, "missing_lines": [], "excluded_lines": [], "start_line": 13}, "": {"executed_lines": [8, 9, 12, 13, 15, 16, 17, 18, 19, 22, 43, 48, 53, 58, 59, 60, 63, 65, 74, 89, 95, 96, 99, 100, 102, 104, 107, 108, 114, 115, 116, 117, 119, 122, 138, 141, 144, 146, 147, 152, 155, 156, 161, 164, 176, 179, 180, 181, 182, 183, 186, 187, 188, 189, 190, 193, 194, 195, 196, 198, 200, 203, 205, 207, 208, 210, 211, 212, 213, 216, 219, 221, 223, 224, 226, 227, 228, 231, 234, 239, 242, 243, 244, 246, 249, 251, 252, 254, 255], "summary": {"covered_lines": 89, "num_statements": 89, "percent_covered": 100.0, "percent_covered_display": "100", "missing_lines": 0, "excluded_lines": 0, "percent_statements_covered": 100.0, "percent_statements_covered_display": "100"}, "missing_lines": [], "excluded_lines": [], "start_line": 1}}}, "mnemonic/main.py": {"executed_lines": [], "summary": {"covered_lines": 0, "num_statements": 2, "percent_covered": 0.0, "percent_covered_display": "0", "missing_lines": 2, "excluded_lines": 0, "percent_statements_covered": 0.0, "percent_statements_covered_display": "0"}, "missing_lines": [2, 4], "excluded_lines": [], "functions": {"": {"executed_lines": [], "summary": {"covered_lines": 0, "num_statements": 2, "percent_covered": 0.0, "percent_covered_display": "0", "missing_lines": 2, "excluded_lines": 0, "percent_statements_covered": 0.0, "percent_statements_covered_display": "0"}, "missing_lines": [2, 4], "excluded_lines": [], "start_line": 1}}, "classes": {"": {"executed_lines": [], "summary": {"covered_lines": 0, "num_statements": 2, "percent_covered": 0.0, "percent_covered_display": "0", "missing_lines": 2, "excluded_lines": 0, "percent_statements_covered": 0.0, "percent_statements_covered_display": "0"}, "missing_lines": [2, 4], "excluded_lines": [], "start_line": 1}}}, "mnemonic/memory_compression.py": {"executed_lines": [7, 8, 9, 10, 13, 14, 16, 17, 18, 19, 22, 36, 37, 40, 41, 44, 46, 47, 50, 53, 55, 56, 63, 64, 65, 67, 75, 84, 85, 88, 89, 90, 91, 92, 95, 96, 97, 100, 101, 104, 105, 106, 107, 108, 110, 111, 112, 115, 119, 120, 122, 125, 136, 137, 138, 139, 140, 142, 143, 146, 147, 148, 151, 154, 156, 164, 165, 166, 168, 171, 178, 184, 185, 186, 188, 189, 192, 193, 195, 198, 206, 209, 216, 217, 218, 219, 220, 223, 224, 225, 228, 229, 230, 232, 234, 235, 236, 239, 240, 241, 244, 252, 255, 262, 263, 264, 265, 266, 269, 270, 271, 274, 275, 278, 286, 289, 315, 326, 327, 330, 331, 334, 335, 336, 338], "summary": {"covered_lines": 125, "num_statements": 135, "percent_covered": 92.5925925925926, "percent_covered_display": "93", "missing_lines": 10, "excluded_lines": 0, "percent_statements_covered": 92.5925925925926, "percent_statements_covered_display": "93"}, "missing_lines": [54, 57, 58, 60, 296, 299, 300, 301, 304, 312], "excluded_lines": [], "functions": {"compress_memories": {"executed_lines": [36, 37, 40, 41, 44, 46, 47, 50, 53, 55, 56, 63, 64, 65, 67], "summary": {"covered_lines": 15, "num_statements": 19, "percent_covered": 78.94736842105263, "percent_covered_display": "79", "missing_lines": 4, "excluded_lines": 0, "percent_statements_covered": 78.94736842105263, "percent_statements_covered_display": "79"}, "missing_lines": [54, 57, 58, 60], "excluded_lines": [], "start_line": 22}, "_are_memories_related": {"executed_lines": [84, 85, 88, 89, 90, 91, 92, 95, 96, 97, 100, 101, 104, 105, 106, 107, 108, 110, 111, 112, 115, 119, 120, 122], "summary": {"covered_lines": 24, "num_statements": 24, "percent_covered": 100.0, "percent_covered_display": "100", "missing_lines": 0, "excluded_lines": 0, "percent_statements_covered": 100.0, "percent_statements_covered_display": "100"}, "missing_lines": [], "excluded_lines": [], "start_line": 75}, "_determine_compression_type": {"executed_lines": [136, 137, 138, 139, 140, 142, 143, 146, 147, 148, 151], "summary": {"covered_lines": 11, "num_statements": 11, "percent_covered": 100.0, "percent_covered_display": "100", "missing_lines": 0, "excluded_lines": 0, "percent_statements_covered": 100.0, "percent_statements_covered_display": "100"}, "missing_lines": [], "excluded_lines": [], "start_line": 125}, "_has_temporal_reference": {"executed_lines": [156, 164, 165, 166, 168], "summary": {"covered_lines": 5, "num_statements": 5, "percent_covered": 100.0, "percent_covered_display": "100", "missing_lines": 0, "excluded_lines": 0, "percent_statements_covered": 100.0, "percent_statements_covered_display": "100"}, "missing_lines": [], "excluded_lines": [], "start_line": 154}, "_compress_temporal_sequence": {"executed_lines": [178, 184, 185, 186, 188, 189, 192, 193, 195, 198, 206], "summary": {"covered_lines": 11, "num_statements": 11, "percent_covered": 100.0, "percent_covered_display": "100", "missing_lines": 0, "excluded_lines": 0, "percent_statements_covered": 100.0, "percent_statements_covered_display": "100"}, "missing_lines": [], "excluded_lines": [], "start_line": 171}, "_compress_entity_centric": {"executed_lines": [216, 217, 218, 219, 220, 223, 224, 225, 228, 229, 230, 232, 234, 235, 236, 239, 240, 241, 244, 252], "summary": {"covered_lines": 20, "num_statements": 20, "percent_covered": 100.0, "percent_covered_display": "100", "missing_lines": 0, "excluded_lines": 0, "percent_statements_covered": 100.0, "percent_statements_covered_display": "100"}, "missing_lines": [], "excluded_lines": [], "start_line": 209}, "_compress_topic_cluster": {"executed_lines": [262, 263, 264, 265, 266, 269, 270, 271, 274, 275, 278, 286], "summary": {"covered_lines": 12, "num_statements": 12, "percent_covered": 100.0, "percent_covered_display": "100", "missing_lines": 0, "excluded_lines": 0, "percent_statements_covered": 100.0, "percent_statements_covered_display": "100"}, "missing_lines": [], "excluded_lines": [], "start_line": 255}, "_compress_generic": {"executed_lines": [], "summary": {"covered_lines": 0, "num_statements": 6, "percent_covered": 0.0, "percent_covered_display": "0", "missing_lines": 6, "excluded_lines": 0, "percent_statements_covered": 0.0, "percent_statements_covered_display": "0"}, "missing_lines": [296, 299, 300, 301, 304, 312], "excluded_lines": [], "start_line": 289}, "should_compress": {"executed_lines": [326, 327, 330, 331, 334, 335, 336, 338], "summary": {"covered_lines": 8, "num_statements": 8, "percent_covered": 100.0, "percent_covered_display": "100", "missing_lines": 0, "excluded_lines": 0, "percent_statements_covered": 100.0, "percent_statements_covered_display": "100"}, "missing_lines": [], "excluded_lines": [], "start_line": 315}, "": {"executed_lines": [7, 8, 9, 10, 13, 14, 16, 17, 18, 19, 22, 75, 125, 154, 171, 209, 255, 289, 315], "summary": {"covered_lines": 19, "num_statements": 19, "percent_covered": 100.0, "percent_covered_display": "100", "missing_lines": 0, "excluded_lines": 0, "percent_statements_covered": 100.0, "percent_statements_covered_display": "100"}, "missing_lines": [], "excluded_lines": [], "start_line": 1}}, "classes": {"CompressionResult": {"executed_lines": [], "summary": {"covered_lines": 0, "num_statements": 0, "percent_covered": 100.0, "percent_covered_display": "100", "missing_lines": 0, "excluded_lines": 0, "percent_statements_covered": 100.0, "percent_statements_covered_display": "100"}, "missing_lines": [], "excluded_lines": [], "start_line": 14}, "": {"executed_lines": [7, 8, 9, 10, 13, 14, 16, 17, 18, 19, 22, 36, 37, 40, 41, 44, 46, 47, 50, 53, 55, 56, 63, 64, 65, 67, 75, 84, 85, 88, 89, 90, 91, 92, 95, 96, 97, 100, 101, 104, 105, 106, 107, 108, 110, 111, 112, 115, 119, 120, 122, 125, 136, 137, 138, 139, 140, 142, 143, 146, 147, 148, 151, 154, 156, 164, 165, 166, 168, 171, 178, 184, 185, 186, 188, 189, 192, 193, 195, 198, 206, 209, 216, 217, 218, 219, 220, 223, 224, 225, 228, 229, 230, 232, 234, 235, 236, 239, 240, 241, 244, 252, 255, 262, 263, 264, 265, 266, 269, 270, 271, 274, 275, 278, 286, 289, 315, 326, 327, 330, 331, 334, 335, 336, 338], "summary": {"covered_lines": 125, "num_statements": 135, "percent_covered": 92.5925925925926, "percent_covered_display": "93", "missing_lines": 10, "excluded_lines": 0, "percent_statements_covered": 92.5925925925926, "percent_statements_covered_display": "93"}, "missing_lines": [54, 57, 58, 60, 296, 299, 300, 301, 304, 312], "excluded_lines": [], "start_line": 1}}}, "mnemonic/models.py": {"executed_lines": [], "summary": {"covered_lines": 0, "num_statements": 56, "percent_covered": 0.0, "percent_covered_display": "0", "missing_lines": 56, "excluded_lines": 0, "percent_statements_covered": 0.0, "percent_statements_covered_display": "0"}, "missing_lines": [3, 4, 5, 7, 8, 19, 20, 21, 24, 26, 29, 32, 34, 37, 38, 39, 40, 43, 44, 47, 48, 51, 52, 53, 56, 59, 62, 63, 64, 67, 70, 72, 77, 78, 81, 84, 86, 87, 89, 90, 93, 94, 97, 99, 104, 107, 109, 112, 113, 114, 117, 118, 121, 124, 125, 127], "excluded_lines": [], "functions": {"Memory.__repr__": {"executed_lines": [], "summary": {"covered_lines": 0, "num_statements": 1, "percent_covered": 0.0, "percent_covered_display": "0", "missing_lines": 1, "excluded_lines": 0, "percent_statements_covered": 0.0, "percent_statements_covered_display": "0"}, "missing_lines": [78], "excluded_lines": [], "start_line": 77}, "": {"executed_lines": [], "summary": {"covered_lines": 0, "num_statements": 55, "percent_covered": 0.0, "percent_covered_display": "0", "missing_lines": 55, "excluded_lines": 0, "percent_statements_covered": 0.0, "percent_statements_covered_display": "0"}, "missing_lines": [3, 4, 5, 7, 8, 19, 20, 21, 24, 26, 29, 32, 34, 37, 38, 39, 40, 43, 44, 47, 48, 51, 52, 53, 56, 59, 62, 63, 64, 67, 70, 72, 77, 81, 84, 86, 87, 89, 90, 93, 94, 97, 99, 104, 107, 109, 112, 113, 114, 117, 118, 121, 124, 125, 127], "excluded_lines": [], "start_line": 1}}, "classes": {"Base": {"executed_lines": [], "summary": {"covered_lines": 0, "num_statements": 0, "percent_covered": 100.0, "percent_covered_display": "100", "missing_lines": 0, "excluded_lines": 0, "percent_statements_covered": 100.0, "percent_statements_covered_display": "100"}, "missing_lines": [], "excluded_lines": [], "start_line": 24}, "Memory": {"executed_lines": [], "summary": {"covered_lines": 0, "num_statements": 1, "percent_covered": 0.0, "percent_covered_display": "0", "missing_lines": 1, "excluded_lines": 0, "percent_statements_covered": 0.0, "percent_statements_covered_display": "0"}, "missing_lines": [78], "excluded_lines": [], "start_line": 29}, "MemoryAccessLog": {"executed_lines": [], "summary": {"covered_lines": 0, "num_statements": 0, "percent_covered": 100.0, "percent_covered_display": "100", "missing_lines": 0, "excluded_lines": 0, "percent_statements_covered": 100.0, "percent_statements_covered_display": "100"}, "missing_lines": [], "excluded_lines": [], "start_line": 81}, "Entity": {"executed_lines": [], "summary": {"covered_lines": 0, "num_statements": 0, "percent_covered": 100.0, "percent_covered_display": "100", "missing_lines": 0, "excluded_lines": 0, "percent_statements_covered": 100.0, "percent_statements_covered_display": "100"}, "missing_lines": [], "excluded_lines": [], "start_line": 104}, "": {"executed_lines": [], "summary": {"covered_lines": 0, "num_statements": 55, "percent_covered": 0.0, "percent_covered_display": "0", "missing_lines": 55, "excluded_lines": 0, "percent_statements_covered": 0.0, "percent_statements_covered_display": "0"}, "missing_lines": [3, 4, 5, 7, 8, 19, 20, 21, 24, 26, 29, 32, 34, 37, 38, 39, 40, 43, 44, 47, 48, 51, 52, 53, 56, 59, 62, 63, 64, 67, 70, 72, 77, 81, 84, 86, 87, 89, 90, 93, 94, 97, 99, 104, 107, 109, 112, 113, 114, 117, 118, 121, 124, 125, 127], "excluded_lines": [], "start_line": 1}}}, "mnemonic/provider.py": {"executed_lines": [], "summary": {"covered_lines": 0, "num_statements": 64, "percent_covered": 0.0, "percent_covered_display": "0", "missing_lines": 64, "excluded_lines": 0, "percent_statements_covered": 0.0, "percent_statements_covered_display": "0"}, "missing_lines": [7, 9, 11, 14, 31, 40, 41, 47, 51, 52, 54, 60, 68, 73, 74, 76, 77, 78, 80, 88, 93, 94, 95, 96, 98, 99, 100, 102, 104, 105, 106, 107, 108, 110, 112, 113, 114, 115, 116, 118, 127, 128, 129, 130, 131, 132, 133, 134, 135, 137, 138, 139, 140, 141, 143, 145, 149, 150, 152, 154, 157, 158, 160, 161], "excluded_lines": [], "functions": {"MnemonicProvider.__init__": {"executed_lines": [], "summary": {"covered_lines": 0, "num_statements": 6, "percent_covered": 0.0, "percent_covered_display": "0", "missing_lines": 6, "excluded_lines": 0, "percent_statements_covered": 0.0, "percent_statements_covered_display": "0"}, "missing_lines": [40, 41, 47, 51, 52, 54], "excluded_lines": [], "start_line": 31}, "MnemonicProvider.add": {"executed_lines": [], "summary": {"covered_lines": 0, "num_statements": 6, "percent_covered": 0.0, "percent_covered_display": "0", "missing_lines": 6, "excluded_lines": 0, "percent_statements_covered": 0.0, "percent_statements_covered_display": "0"}, "missing_lines": [68, 73, 74, 76, 77, 78], "excluded_lines": [], "start_line": 60}, "MnemonicProvider.search": {"executed_lines": [], "summary": {"covered_lines": 0, "num_statements": 8, "percent_covered": 0.0, "percent_covered_display": "0", "missing_lines": 8, "excluded_lines": 0, "percent_statements_covered": 0.0, "percent_statements_covered_display": "0"}, "missing_lines": [88, 93, 94, 95, 96, 98, 99, 100], "excluded_lines": [], "start_line": 80}, "MnemonicProvider.get": {"executed_lines": [], "summary": {"covered_lines": 0, "num_statements": 5, "percent_covered": 0.0, "percent_covered_display": "0", "missing_lines": 5, "excluded_lines": 0, "percent_statements_covered": 0.0, "percent_statements_covered_display": "0"}, "missing_lines": [104, 105, 106, 107, 108], "excluded_lines": [], "start_line": 102}, "MnemonicProvider.delete": {"executed_lines": [], "summary": {"covered_lines": 0, "num_statements": 5, "percent_covered": 0.0, "percent_covered_display": "0", "missing_lines": 5, "excluded_lines": 0, "percent_statements_covered": 0.0, "percent_statements_covered_display": "0"}, "missing_lines": [112, 113, 114, 115, 116], "excluded_lines": [], "start_line": 110}, "MnemonicProvider.update": {"executed_lines": [], "summary": {"covered_lines": 0, "num_statements": 14, "percent_covered": 0.0, "percent_covered_display": "0", "missing_lines": 14, "excluded_lines": 0, "percent_statements_covered": 0.0, "percent_statements_covered_display": "0"}, "missing_lines": [127, 128, 129, 130, 131, 132, 133, 134, 135, 137, 138, 139, 140, 141], "excluded_lines": [], "start_line": 118}, "MnemonicProvider.extract": {"executed_lines": [], "summary": {"covered_lines": 0, "num_statements": 3, "percent_covered": 0.0, "percent_covered_display": "0", "missing_lines": 3, "excluded_lines": 0, "percent_statements_covered": 0.0, "percent_statements_covered_display": "0"}, "missing_lines": [145, 149, 150], "excluded_lines": [], "start_line": 143}, "MnemonicProvider.close": {"executed_lines": [], "summary": {"covered_lines": 0, "num_statements": 1, "percent_covered": 0.0, "percent_covered_display": "0", "missing_lines": 1, "excluded_lines": 0, "percent_statements_covered": 0.0, "percent_statements_covered_display": "0"}, "missing_lines": [154], "excluded_lines": [], "start_line": 152}, "MnemonicProvider.__aenter__": {"executed_lines": [], "summary": {"covered_lines": 0, "num_statements": 1, "percent_covered": 0.0, "percent_covered_display": "0", "missing_lines": 1, "excluded_lines": 0, "percent_statements_covered": 0.0, "percent_statements_covered_display": "0"}, "missing_lines": [158], "excluded_lines": [], "start_line": 157}, "MnemonicProvider.__aexit__": {"executed_lines": [], "summary": {"covered_lines": 0, "num_statements": 1, "percent_covered": 0.0, "percent_covered_display": "0", "missing_lines": 1, "excluded_lines": 0, "percent_statements_covered": 0.0, "percent_statements_covered_display": "0"}, "missing_lines": [161], "excluded_lines": [], "start_line": 160}, "": {"executed_lines": [], "summary": {"covered_lines": 0, "num_statements": 14, "percent_covered": 0.0, "percent_covered_display": "0", "missing_lines": 14, "excluded_lines": 0, "percent_statements_covered": 0.0, "percent_statements_covered_display": "0"}, "missing_lines": [7, 9, 11, 14, 31, 60, 80, 102, 110, 118, 143, 152, 157, 160], "excluded_lines": [], "start_line": 1}}, "classes": {"MnemonicProvider": {"executed_lines": [], "summary": {"covered_lines": 0, "num_statements": 50, "percent_covered": 0.0, "percent_covered_display": "0", "missing_lines": 50, "excluded_lines": 0, "percent_statements_covered": 0.0, "percent_statements_covered_display": "0"}, "missing_lines": [40, 41, 47, 51, 52, 54, 68, 73, 74, 76, 77, 78, 88, 93, 94, 95, 96, 98, 99, 100, 104, 105, 106, 107, 108, 112, 113, 114, 115, 116, 127, 128, 129, 130, 131, 132, 133, 134, 135, 137, 138, 139, 140, 141, 145, 149, 150, 154, 158, 161], "excluded_lines": [], "start_line": 14}, "": {"executed_lines": [], "summary": {"covered_lines": 0, "num_statements": 14, "percent_covered": 0.0, "percent_covered_display": "0", "missing_lines": 14, "excluded_lines": 0, "percent_statements_covered": 0.0, "percent_statements_covered_display": "0"}, "missing_lines": [7, 9, 11, 14, 31, 60, 80, 102, 110, 118, 143, 152, 157, 160], "excluded_lines": [], "start_line": 1}}}, "mnemonic/schemas.py": {"executed_lines": [], "summary": {"covered_lines": 0, "num_statements": 86, "percent_covered": 0.0, "percent_covered_display": "0", "missing_lines": 86, "excluded_lines": 0, "percent_statements_covered": 0.0, "percent_statements_covered_display": "0"}, "missing_lines": [3, 5, 6, 7, 9, 12, 25, 26, 27, 28, 30, 31, 42, 44, 46, 53, 55, 63, 64, 71, 72, 74, 81, 82, 84, 91, 93, 94, 95, 96, 97, 98, 99, 100, 101, 102, 105, 108, 109, 110, 111, 114, 117, 120, 121, 122, 123, 126, 129, 130, 131, 132, 133, 134, 135, 138, 139, 140, 141, 143, 144, 147, 150, 151, 152, 153, 156, 159, 160, 161, 164, 167, 168, 169, 172, 175, 176, 177, 178, 181, 184, 185, 188, 191, 192, 193], "excluded_lines": [], "functions": {"Namespace.from_header": {"executed_lines": [], "summary": {"covered_lines": 0, "num_statements": 7, "percent_covered": 0.0, "percent_covered_display": "0", "missing_lines": 7, "excluded_lines": 0, "percent_statements_covered": 0.0, "percent_statements_covered_display": "0"}, "missing_lines": [42, 44, 46, 53, 55, 63, 64], "excluded_lines": [], "start_line": 31}, "Namespace.is_wildcard_search": {"executed_lines": [], "summary": {"covered_lines": 0, "num_statements": 1, "percent_covered": 0.0, "percent_covered_display": "0", "missing_lines": 1, "excluded_lines": 0, "percent_statements_covered": 0.0, "percent_statements_covered_display": "0"}, "missing_lines": [74], "excluded_lines": [], "start_line": 72}, "Namespace.is_valid_for_write": {"executed_lines": [], "summary": {"covered_lines": 0, "num_statements": 1, "percent_covered": 0.0, "percent_covered_display": "0", "missing_lines": 1, "excluded_lines": 0, "percent_statements_covered": 0.0, "percent_statements_covered_display": "0"}, "missing_lines": [84], "excluded_lines": [], "start_line": 82}, "Namespace.to_dict": {"executed_lines": [], "summary": {"covered_lines": 0, "num_statements": 10, "percent_covered": 0.0, "percent_covered_display": "0", "missing_lines": 10, "excluded_lines": 0, "percent_statements_covered": 0.0, "percent_statements_covered_display": "0"}, "missing_lines": [93, 94, 95, 96, 97, 98, 99, 100, 101, 102], "excluded_lines": [], "start_line": 91}, "": {"executed_lines": [], "summary": {"covered_lines": 0, "num_statements": 67, "percent_covered": 0.0, "percent_covered_display": "0", "missing_lines": 67, "excluded_lines": 0, "percent_statements_covered": 0.0, "percent_statements_covered_display": "0"}, "missing_lines": [3, 5, 6, 7, 9, 12, 25, 26, 27, 28, 30, 31, 71, 72, 81, 82, 91, 105, 108, 109, 110, 111, 114, 117, 120, 121, 122, 123, 126, 129, 130, 131, 132, 133, 134, 135, 138, 139, 140, 141, 143, 144, 147, 150, 151, 152, 153, 156, 159, 160, 161, 164, 167, 168, 169, 172, 175, 176, 177, 178, 181, 184, 185, 188, 191, 192, 193], "excluded_lines": [], "start_line": 1}}, "classes": {"Namespace": {"executed_lines": [], "summary": {"covered_lines": 0, "num_statements": 19, "percent_covered": 0.0, "percent_covered_display": "0", "missing_lines": 19, "excluded_lines": 0, "percent_statements_covered": 0.0, "percent_statements_covered_display": "0"}, "missing_lines": [42, 44, 46, 53, 55, 63, 64, 74, 84, 93, 94, 95, 96, 97, 98, 99, 100, 101, 102], "excluded_lines": [], "start_line": 12}, "MemoryCreate": {"executed_lines": [], "summary": {"covered_lines": 0, "num_statements": 0, "percent_covered": 100.0, "percent_covered_display": "100", "missing_lines": 0, "excluded_lines": 0, "percent_statements_covered": 100.0, "percent_statements_covered_display": "100"}, "missing_lines": [], "excluded_lines": [], "start_line": 105}, "MemoryUpdate": {"executed_lines": [], "summary": {"covered_lines": 0, "num_statements": 0, "percent_covered": 100.0, "percent_covered_display": "100", "missing_lines": 0, "excluded_lines": 0, "percent_statements_covered": 100.0, "percent_statements_covered_display": "100"}, "missing_lines": [], "excluded_lines": [], "start_line": 117}, "MemoryResponse": {"executed_lines": [], "summary": {"covered_lines": 0, "num_statements": 0, "percent_covered": 100.0, "percent_covered_display": "100", "missing_lines": 0, "excluded_lines": 0, "percent_statements_covered": 100.0, "percent_statements_covered_display": "100"}, "missing_lines": [], "excluded_lines": [], "start_line": 126}, "MemoryResponse.Config": {"executed_lines": [], "summary": {"covered_lines": 0, "num_statements": 0, "percent_covered": 100.0, "percent_covered_display": "100", "missing_lines": 0, "excluded_lines": 0, "percent_statements_covered": 100.0, "percent_statements_covered_display": "100"}, "missing_lines": [], "excluded_lines": [], "start_line": 143}, "MemorySearch": {"executed_lines": [], "summary": {"covered_lines": 0, "num_statements": 0, "percent_covered": 100.0, "percent_covered_display": "100", "missing_lines": 0, "excluded_lines": 0, "percent_statements_covered": 100.0, "percent_statements_covered_display": "100"}, "missing_lines": [], "excluded_lines": [], "start_line": 147}, "MemorySearchResult": {"executed_lines": [], "summary": {"covered_lines": 0, "num_statements": 0, "percent_covered": 100.0, "percent_covered_display": "100", "missing_lines": 0, "excluded_lines": 0, "percent_statements_covered": 100.0, "percent_statements_covered_display": "100"}, "missing_lines": [], "excluded_lines": [], "start_line": 164}, "MemoryListResponse": {"executed_lines": [], "summary": {"covered_lines": 0, "num_statements": 0, "percent_covered": 100.0, "percent_covered_display": "100", "missing_lines": 0, "excluded_lines": 0, "percent_statements_covered": 100.0, "percent_statements_covered_display": "100"}, "missing_lines": [], "excluded_lines": [], "start_line": 172}, "ExtractRequest": {"executed_lines": [], "summary": {"covered_lines": 0, "num_statements": 0, "percent_covered": 100.0, "percent_covered_display": "100", "missing_lines": 0, "excluded_lines": 0, "percent_statements_covered": 100.0, "percent_statements_covered_display": "100"}, "missing_lines": [], "excluded_lines": [], "start_line": 181}, "HealthResponse": {"executed_lines": [], "summary": {"covered_lines": 0, "num_statements": 0, "percent_covered": 100.0, "percent_covered_display": "100", "missing_lines": 0, "excluded_lines": 0, "percent_statements_covered": 100.0, "percent_statements_covered_display": "100"}, "missing_lines": [], "excluded_lines": [], "start_line": 188}, "": {"executed_lines": [], "summary": {"covered_lines": 0, "num_statements": 67, "percent_covered": 0.0, "percent_covered_display": "0", "missing_lines": 67, "excluded_lines": 0, "percent_statements_covered": 0.0, "percent_statements_covered_display": "0"}, "missing_lines": [3, 5, 6, 7, 9, 12, 25, 26, 27, 28, 30, 31, 71, 72, 81, 82, 91, 105, 108, 109, 110, 111, 114, 117, 120, 121, 122, 123, 126, 129, 130, 131, 132, 133, 134, 135, 138, 139, 140, 141, 143, 144, 147, 150, 151, 152, 153, 156, 159, 160, 161, 164, 167, 168, 169, 172, 175, 176, 177, 178, 181, 184, 185, 188, 191, 192, 193], "excluded_lines": [], "start_line": 1}}}, "mnemonic/services.py": {"executed_lines": [], "summary": {"covered_lines": 0, "num_statements": 293, "percent_covered": 0.0, "percent_covered_display": "0", "missing_lines": 293, "excluded_lines": 0, "percent_statements_covered": 0.0, "percent_statements_covered_display": "0"}, "missing_lines": [9, 11, 12, 13, 14, 15, 16, 17, 19, 20, 22, 24, 27, 29, 36, 39, 40, 41, 44, 45, 50, 53, 54, 59, 62, 63, 64, 65, 68, 69, 70, 71, 72, 74, 75, 76, 78, 81, 82, 83, 84, 89, 90, 91, 92, 93, 95, 96, 97, 98, 99, 105, 106, 107, 108, 109, 110, 111, 112, 113, 114, 116, 117, 118, 120, 121, 127, 128, 129, 130, 131, 132, 134, 135, 136, 137, 138, 139, 140, 141, 142, 143, 146, 149, 150, 151, 152, 155, 156, 158, 160, 161, 164, 165, 169, 170, 172, 176, 178, 179, 180, 181, 182, 186, 187, 188, 189, 190, 191, 192, 193, 195, 196, 197, 198, 199, 203, 204, 205, 206, 207, 209, 210, 211, 213, 214, 215, 216, 217, 218, 219, 220, 221, 223, 224, 225, 227, 229, 234, 257, 273, 331, 334, 335, 336, 337, 339, 352, 358, 359, 362, 365, 368, 370, 372, 374, 375, 376, 377, 378, 379, 381, 383, 384, 385, 397, 398, 401, 402, 403, 404, 405, 406, 408, 409, 410, 411, 412, 413, 414, 415, 416, 417, 418, 419, 420, 421, 422, 424, 438, 439, 441, 443, 448, 449, 450, 452, 462, 471, 473, 479, 480, 481, 482, 483, 484, 486, 487, 488, 489, 490, 491, 492, 493, 497, 498, 499, 504, 506, 507, 521, 522, 523, 524, 528, 529, 534, 549, 552, 553, 555, 557, 558, 567, 568, 570, 571, 572, 573, 574, 575, 577, 578, 579, 580, 581, 582, 583, 585, 594, 595, 599, 600, 601, 602, 603, 606, 607, 608, 609, 610, 613, 618, 619, 620, 621, 624, 625, 626, 627, 628, 630, 633, 638, 640, 641, 642, 643, 644, 645, 646, 647, 648, 649, 650, 651, 652, 654, 657, 659, 660, 661, 662], "excluded_lines": [], "functions": {"_build_openai_client": {"executed_lines": [], "summary": {"covered_lines": 0, "num_statements": 1, "percent_covered": 0.0, "percent_covered_display": "0", "missing_lines": 1, "excluded_lines": 0, "percent_statements_covered": 0.0, "percent_statements_covered_display": "0"}, "missing_lines": [29], "excluded_lines": [], "start_line": 27}, "LLMClient.__init__": {"executed_lines": [], "summary": {"covered_lines": 0, "num_statements": 17, "percent_covered": 0.0, "percent_covered_display": "0", "missing_lines": 17, "excluded_lines": 0, "percent_statements_covered": 0.0, "percent_statements_covered_display": "0"}, "missing_lines": [40, 41, 44, 45, 50, 53, 54, 59, 62, 63, 64, 65, 68, 69, 70, 71, 72], "excluded_lines": [], "start_line": 39}, "LLMClient.active_model": {"executed_lines": [], "summary": {"covered_lines": 0, "num_statements": 1, "percent_covered": 0.0, "percent_covered_display": "0", "missing_lines": 1, "excluded_lines": 0, "percent_statements_covered": 0.0, "percent_statements_covered_display": "0"}, "missing_lines": [76], "excluded_lines": [], "start_line": 75}, "LLMClient.chat_completion": {"executed_lines": [], "summary": {"covered_lines": 0, "num_statements": 35, "percent_covered": 0.0, "percent_covered_display": "0", "missing_lines": 35, "excluded_lines": 0, "percent_statements_covered": 0.0, "percent_statements_covered_display": "0"}, "missing_lines": [81, 82, 83, 84, 89, 90, 91, 92, 93, 95, 96, 97, 98, 99, 105, 106, 107, 108, 109, 110, 111, 112, 113, 114, 116, 117, 118, 120, 121, 127, 128, 129, 130, 131, 132], "excluded_lines": [], "start_line": 78}, "LLMClient._should_failover": {"executed_lines": [], "summary": {"covered_lines": 0, "num_statements": 9, "percent_covered": 0.0, "percent_covered_display": "0", "missing_lines": 9, "excluded_lines": 0, "percent_statements_covered": 0.0, "percent_statements_covered_display": "0"}, "missing_lines": [135, 136, 137, 138, 139, 140, 141, 142, 143], "excluded_lines": [], "start_line": 134}, "EmbeddingService.__init__": {"executed_lines": [], "summary": {"covered_lines": 0, "num_statements": 14, "percent_covered": 0.0, "percent_covered_display": "0", "missing_lines": 14, "excluded_lines": 0, "percent_statements_covered": 0.0, "percent_statements_covered_display": "0"}, "missing_lines": [150, 151, 152, 155, 156, 158, 160, 161, 164, 165, 169, 170, 172, 176], "excluded_lines": [], "start_line": 149}, "EmbeddingService.embed": {"executed_lines": [], "summary": {"covered_lines": 0, "num_statements": 12, "percent_covered": 0.0, "percent_covered_display": "0", "missing_lines": 12, "excluded_lines": 0, "percent_statements_covered": 0.0, "percent_statements_covered_display": "0"}, "missing_lines": [179, 180, 181, 182, 186, 187, 188, 189, 190, 191, 192, 193], "excluded_lines": [], "start_line": 178}, "EmbeddingService.embed_batch": {"executed_lines": [], "summary": {"covered_lines": 0, "num_statements": 9, "percent_covered": 0.0, "percent_covered_display": "0", "missing_lines": 9, "excluded_lines": 0, "percent_statements_covered": 0.0, "percent_statements_covered_display": "0"}, "missing_lines": [196, 197, 198, 199, 203, 204, 205, 206, 207], "excluded_lines": [], "start_line": 195}, "EmbeddingService._pseudo_embed": {"executed_lines": [], "summary": {"covered_lines": 0, "num_statements": 16, "percent_covered": 0.0, "percent_covered_display": "0", "missing_lines": 16, "excluded_lines": 0, "percent_statements_covered": 0.0, "percent_statements_covered_display": "0"}, "missing_lines": [210, 211, 213, 214, 215, 216, 217, 218, 219, 220, 221, 223, 224, 225, 227, 229], "excluded_lines": [], "start_line": 209}, "ExtractionService.__init__": {"executed_lines": [], "summary": {"covered_lines": 0, "num_statements": 3, "percent_covered": 0.0, "percent_covered_display": "0", "missing_lines": 3, "excluded_lines": 0, "percent_statements_covered": 0.0, "percent_statements_covered_display": "0"}, "missing_lines": [335, 336, 337], "excluded_lines": [], "start_line": 334}, "ExtractionService.extract_adaptive": {"executed_lines": [], "summary": {"covered_lines": 0, "num_statements": 7, "percent_covered": 0.0, "percent_covered_display": "0", "missing_lines": 7, "excluded_lines": 0, "percent_statements_covered": 0.0, "percent_statements_covered_display": "0"}, "missing_lines": [352, 358, 359, 362, 365, 368, 370], "excluded_lines": [], "start_line": 339}, "ExtractionService._format_conversation": {"executed_lines": [], "summary": {"covered_lines": 0, "num_statements": 6, "percent_covered": 0.0, "percent_covered_display": "0", "missing_lines": 6, "excluded_lines": 0, "percent_statements_covered": 0.0, "percent_statements_covered_display": "0"}, "missing_lines": [374, 375, 376, 377, 378, 379], "excluded_lines": [], "start_line": 372}, "ExtractionService.extract": {"executed_lines": [], "summary": {"covered_lines": 0, "num_statements": 26, "percent_covered": 0.0, "percent_covered_display": "0", "missing_lines": 26, "excluded_lines": 0, "percent_statements_covered": 0.0, "percent_statements_covered_display": "0"}, "missing_lines": [383, 384, 385, 397, 398, 401, 402, 403, 404, 405, 406, 408, 409, 410, 411, 412, 413, 414, 415, 416, 417, 418, 419, 420, 421, 422], "excluded_lines": [], "start_line": 381}, "ExtractionService.decide_memory_action": {"executed_lines": [], "summary": {"covered_lines": 0, "num_statements": 28, "percent_covered": 0.0, "percent_covered_display": "0", "missing_lines": 28, "excluded_lines": 0, "percent_statements_covered": 0.0, "percent_statements_covered_display": "0"}, "missing_lines": [438, 439, 441, 443, 448, 449, 450, 452, 462, 471, 473, 479, 480, 481, 482, 483, 484, 486, 487, 488, 489, 490, 491, 492, 493, 497, 498, 499], "excluded_lines": [], "start_line": 424}, "ExtractionService.check_conflict": {"executed_lines": [], "summary": {"covered_lines": 0, "num_statements": 6, "percent_covered": 0.0, "percent_covered_display": "0", "missing_lines": 6, "excluded_lines": 0, "percent_statements_covered": 0.0, "percent_statements_covered_display": "0"}, "missing_lines": [506, 507, 521, 522, 523, 524], "excluded_lines": [], "start_line": 504}, "EntityService.__init__": {"executed_lines": [], "summary": {"covered_lines": 0, "num_statements": 1, "percent_covered": 0.0, "percent_covered_display": "0", "missing_lines": 1, "excluded_lines": 0, "percent_statements_covered": 0.0, "percent_statements_covered_display": "0"}, "missing_lines": [553], "excluded_lines": [], "start_line": 552}, "EntityService.extract": {"executed_lines": [], "summary": {"covered_lines": 0, "num_statements": 17, "percent_covered": 0.0, "percent_covered_display": "0", "missing_lines": 17, "excluded_lines": 0, "percent_statements_covered": 0.0, "percent_statements_covered_display": "0"}, "missing_lines": [557, 558, 567, 568, 570, 571, 572, 573, 574, 575, 577, 578, 579, 580, 581, 582, 583], "excluded_lines": [], "start_line": 555}, "EntityService.extract_simple": {"executed_lines": [], "summary": {"covered_lines": 0, "num_statements": 23, "percent_covered": 0.0, "percent_covered_display": "0", "missing_lines": 23, "excluded_lines": 0, "percent_statements_covered": 0.0, "percent_statements_covered_display": "0"}, "missing_lines": [594, 595, 599, 600, 601, 602, 603, 606, 607, 608, 609, 610, 613, 618, 619, 620, 621, 624, 625, 626, 627, 628, 630], "excluded_lines": [], "start_line": 585}, "tokenize_for_search": {"executed_lines": [], "summary": {"covered_lines": 0, "num_statements": 14, "percent_covered": 0.0, "percent_covered_display": "0", "missing_lines": 14, "excluded_lines": 0, "percent_statements_covered": 0.0, "percent_statements_covered_display": "0"}, "missing_lines": [640, 641, 642, 643, 644, 645, 646, 647, 648, 649, 650, 651, 652, 654], "excluded_lines": [], "start_line": 638}, "make_tsquery_str": {"executed_lines": [], "summary": {"covered_lines": 0, "num_statements": 4, "percent_covered": 0.0, "percent_covered_display": "0", "missing_lines": 4, "excluded_lines": 0, "percent_statements_covered": 0.0, "percent_statements_covered_display": "0"}, "missing_lines": [659, 660, 661, 662], "excluded_lines": [], "start_line": 657}, "": {"executed_lines": [], "summary": {"covered_lines": 0, "num_statements": 44, "percent_covered": 0.0, "percent_covered_display": "0", "missing_lines": 44, "excluded_lines": 0, "percent_statements_covered": 0.0, "percent_statements_covered_display": "0"}, "missing_lines": [9, 11, 12, 13, 14, 15, 16, 17, 19, 20, 22, 24, 27, 36, 39, 74, 75, 78, 134, 146, 149, 178, 195, 209, 234, 257, 273, 331, 334, 339, 372, 381, 424, 504, 528, 529, 534, 549, 552, 555, 585, 633, 638, 657], "excluded_lines": [], "start_line": 1}}, "classes": {"LLMClient": {"executed_lines": [], "summary": {"covered_lines": 0, "num_statements": 62, "percent_covered": 0.0, "percent_covered_display": "0", "missing_lines": 62, "excluded_lines": 0, "percent_statements_covered": 0.0, "percent_statements_covered_display": "0"}, "missing_lines": [40, 41, 44, 45, 50, 53, 54, 59, 62, 63, 64, 65, 68, 69, 70, 71, 72, 76, 81, 82, 83, 84, 89, 90, 91, 92, 93, 95, 96, 97, 98, 99, 105, 106, 107, 108, 109, 110, 111, 112, 113, 114, 116, 117, 118, 120, 121, 127, 128, 129, 130, 131, 132, 135, 136, 137, 138, 139, 140, 141, 142, 143], "excluded_lines": [], "start_line": 36}, "EmbeddingService": {"executed_lines": [], "summary": {"covered_lines": 0, "num_statements": 51, "percent_covered": 0.0, "percent_covered_display": "0", "missing_lines": 51, "excluded_lines": 0, "percent_statements_covered": 0.0, "percent_statements_covered_display": "0"}, "missing_lines": [150, 151, 152, 155, 156, 158, 160, 161, 164, 165, 169, 170, 172, 176, 179, 180, 181, 182, 186, 187, 188, 189, 190, 191, 192, 193, 196, 197, 198, 199, 203, 204, 205, 206, 207, 210, 211, 213, 214, 215, 216, 217, 218, 219, 220, 221, 223, 224, 225, 227, 229], "excluded_lines": [], "start_line": 146}, "ExtractionService": {"executed_lines": [], "summary": {"covered_lines": 0, "num_statements": 76, "percent_covered": 0.0, "percent_covered_display": "0", "missing_lines": 76, "excluded_lines": 0, "percent_statements_covered": 0.0, "percent_statements_covered_display": "0"}, "missing_lines": [335, 336, 337, 352, 358, 359, 362, 365, 368, 370, 374, 375, 376, 377, 378, 379, 383, 384, 385, 397, 398, 401, 402, 403, 404, 405, 406, 408, 409, 410, 411, 412, 413, 414, 415, 416, 417, 418, 419, 420, 421, 422, 438, 439, 441, 443, 448, 449, 450, 452, 462, 471, 473, 479, 480, 481, 482, 483, 484, 486, 487, 488, 489, 490, 491, 492, 493, 497, 498, 499, 506, 507, 521, 522, 523, 524], "excluded_lines": [], "start_line": 331}, "EntityService": {"executed_lines": [], "summary": {"covered_lines": 0, "num_statements": 41, "percent_covered": 0.0, "percent_covered_display": "0", "missing_lines": 41, "excluded_lines": 0, "percent_statements_covered": 0.0, "percent_statements_covered_display": "0"}, "missing_lines": [553, 557, 558, 567, 568, 570, 571, 572, 573, 574, 575, 577, 578, 579, 580, 581, 582, 583, 594, 595, 599, 600, 601, 602, 603, 606, 607, 608, 609, 610, 613, 618, 619, 620, 621, 624, 625, 626, 627, 628, 630], "excluded_lines": [], "start_line": 549}, "": {"executed_lines": [], "summary": {"covered_lines": 0, "num_statements": 63, "percent_covered": 0.0, "percent_covered_display": "0", "missing_lines": 63, "excluded_lines": 0, "percent_statements_covered": 0.0, "percent_statements_covered_display": "0"}, "missing_lines": [9, 11, 12, 13, 14, 15, 16, 17, 19, 20, 22, 24, 27, 29, 36, 39, 74, 75, 78, 134, 146, 149, 178, 195, 209, 234, 257, 273, 331, 334, 339, 372, 381, 424, 504, 528, 529, 534, 549, 552, 555, 585, 633, 638, 640, 641, 642, 643, 644, 645, 646, 647, 648, 649, 650, 651, 652, 654, 657, 659, 660, 661, 662], "excluded_lines": [], "start_line": 1}}}, "mnemonic/store.py": {"executed_lines": [], "summary": {"covered_lines": 0, "num_statements": 248, "percent_covered": 0.0, "percent_covered_display": "0", "missing_lines": 248, "excluded_lines": 0, "percent_statements_covered": 0.0, "percent_statements_covered_display": "0"}, "missing_lines": [3, 5, 6, 7, 9, 10, 12, 13, 14, 15, 16, 19, 21, 22, 23, 24, 27, 30, 31, 33, 41, 44, 51, 52, 53, 54, 56, 57, 66, 67, 70, 71, 75, 78, 79, 80, 81, 82, 83, 84, 85, 88, 90, 91, 94, 96, 98, 100, 107, 108, 110, 111, 113, 115, 124, 126, 127, 128, 129, 132, 133, 136, 143, 144, 146, 148, 156, 157, 158, 160, 162, 163, 165, 166, 168, 171, 172, 176, 178, 181, 182, 183, 184, 188, 190, 191, 193, 195, 196, 197, 199, 200, 201, 203, 212, 217, 218, 221, 231, 232, 235, 238, 239, 241, 243, 244, 247, 253, 255, 257, 259, 261, 275, 276, 277, 280, 283, 284, 288, 289, 290, 291, 292, 293, 294, 295, 296, 297, 298, 299, 300, 301, 302, 304, 306, 315, 316, 318, 319, 321, 322, 324, 325, 326, 328, 329, 330, 331, 334, 335, 337, 339, 340, 343, 349, 351, 353, 355, 357, 379, 381, 384, 389, 390, 392, 393, 394, 396, 397, 398, 401, 403, 404, 407, 408, 409, 410, 411, 412, 413, 416, 417, 419, 422, 425, 426, 427, 429, 430, 431, 432, 438, 440, 447, 448, 450, 460, 461, 462, 463, 464, 465, 466, 467, 468, 469, 471, 479, 485, 488, 491, 492, 494, 503, 512, 513, 515, 517, 518, 519, 520, 521, 522, 523, 525, 533, 534, 535, 537, 546, 547, 550, 553, 554, 555, 556, 557, 558, 559, 561, 562, 563, 566, 567, 568, 569, 570, 572], "excluded_lines": [], "functions": {"_content_to_tsvector": {"executed_lines": [], "summary": {"covered_lines": 0, "num_statements": 4, "percent_covered": 0.0, "percent_covered_display": "0", "missing_lines": 4, "excluded_lines": 0, "percent_statements_covered": 0.0, "percent_statements_covered_display": "0"}, "missing_lines": [21, 22, 23, 24], "excluded_lines": [], "start_line": 19}, "MemoryStore.__init__": {"executed_lines": [], "summary": {"covered_lines": 0, "num_statements": 1, "percent_covered": 0.0, "percent_covered_display": "0", "missing_lines": 1, "excluded_lines": 0, "percent_statements_covered": 0.0, "percent_statements_covered_display": "0"}, "missing_lines": [31], "excluded_lines": [], "start_line": 30}, "MemoryStore.create": {"executed_lines": [], "summary": {"covered_lines": 0, "num_statements": 26, "percent_covered": 0.0, "percent_covered_display": "0", "missing_lines": 26, "excluded_lines": 0, "percent_statements_covered": 0.0, "percent_statements_covered_display": "0"}, "missing_lines": [41, 44, 51, 52, 53, 54, 56, 57, 66, 67, 70, 71, 75, 78, 79, 80, 81, 82, 83, 84, 85, 88, 90, 91, 94, 96], "excluded_lines": [], "start_line": 33}, "MemoryStore.get": {"executed_lines": [], "summary": {"covered_lines": 0, "num_statements": 6, "percent_covered": 0.0, "percent_covered_display": "0", "missing_lines": 6, "excluded_lines": 0, "percent_statements_covered": 0.0, "percent_statements_covered_display": "0"}, "missing_lines": [100, 107, 108, 110, 111, 113], "excluded_lines": [], "start_line": 98}, "MemoryStore.list": {"executed_lines": [], "summary": {"covered_lines": 0, "num_statements": 11, "percent_covered": 0.0, "percent_covered_display": "0", "missing_lines": 11, "excluded_lines": 0, "percent_statements_covered": 0.0, "percent_statements_covered_display": "0"}, "missing_lines": [124, 126, 127, 128, 129, 132, 133, 136, 143, 144, 146], "excluded_lines": [], "start_line": 115}, "MemoryStore.update": {"executed_lines": [], "summary": {"covered_lines": 0, "num_statements": 20, "percent_covered": 0.0, "percent_covered_display": "0", "missing_lines": 20, "excluded_lines": 0, "percent_statements_covered": 0.0, "percent_statements_covered_display": "0"}, "missing_lines": [156, 157, 158, 160, 162, 163, 165, 166, 168, 171, 172, 176, 178, 181, 182, 183, 184, 188, 190, 191], "excluded_lines": [], "start_line": 148}, "MemoryStore.delete": {"executed_lines": [], "summary": {"covered_lines": 0, "num_statements": 6, "percent_covered": 0.0, "percent_covered_display": "0", "missing_lines": 6, "excluded_lines": 0, "percent_statements_covered": 0.0, "percent_statements_covered_display": "0"}, "missing_lines": [195, 196, 197, 199, 200, 201], "excluded_lines": [], "start_line": 193}, "MemoryStore.search_vector": {"executed_lines": [], "summary": {"covered_lines": 0, "num_statements": 17, "percent_covered": 0.0, "percent_covered_display": "0", "missing_lines": 17, "excluded_lines": 0, "percent_statements_covered": 0.0, "percent_statements_covered_display": "0"}, "missing_lines": [212, 217, 218, 221, 231, 232, 235, 238, 239, 241, 243, 244, 247, 253, 255, 257, 259], "excluded_lines": [], "start_line": 203}, "MemoryStore.search_bm25": {"executed_lines": [], "summary": {"covered_lines": 0, "num_statements": 46, "percent_covered": 0.0, "percent_covered_display": "0", "missing_lines": 46, "excluded_lines": 0, "percent_statements_covered": 0.0, "percent_statements_covered_display": "0"}, "missing_lines": [275, 276, 277, 280, 283, 284, 288, 289, 290, 291, 292, 293, 294, 295, 296, 297, 298, 299, 300, 301, 302, 304, 306, 315, 316, 318, 319, 321, 322, 324, 325, 326, 328, 329, 330, 331, 334, 335, 337, 339, 340, 343, 349, 351, 353, 355], "excluded_lines": [], "start_line": 261}, "MemoryStore.search_hybrid": {"executed_lines": [], "summary": {"covered_lines": 0, "num_statements": 33, "percent_covered": 0.0, "percent_covered_display": "0", "missing_lines": 33, "excluded_lines": 0, "percent_statements_covered": 0.0, "percent_statements_covered_display": "0"}, "missing_lines": [379, 381, 384, 389, 390, 392, 393, 394, 396, 397, 398, 401, 403, 404, 407, 408, 409, 410, 411, 412, 413, 416, 417, 419, 422, 425, 426, 427, 429, 430, 431, 432, 438], "excluded_lines": [], "start_line": 357}, "MemoryStore.find_similar": {"executed_lines": [], "summary": {"covered_lines": 0, "num_statements": 2, "percent_covered": 0.0, "percent_covered_display": "0", "missing_lines": 2, "excluded_lines": 0, "percent_statements_covered": 0.0, "percent_statements_covered_display": "0"}, "missing_lines": [447, 448], "excluded_lines": [], "start_line": 440}, "MemoryStore._namespace_filters": {"executed_lines": [], "summary": {"covered_lines": 0, "num_statements": 10, "percent_covered": 0.0, "percent_covered_display": "0", "missing_lines": 10, "excluded_lines": 0, "percent_statements_covered": 0.0, "percent_statements_covered_display": "0"}, "missing_lines": [460, 461, 462, 463, 464, 465, 466, 467, 468, 469], "excluded_lines": [], "start_line": 450}, "MemoryStore._log_access": {"executed_lines": [], "summary": {"covered_lines": 0, "num_statements": 2, "percent_covered": 0.0, "percent_covered_display": "0", "missing_lines": 2, "excluded_lines": 0, "percent_statements_covered": 0.0, "percent_statements_covered_display": "0"}, "missing_lines": [479, 485], "excluded_lines": [], "start_line": 471}, "EntityStore.__init__": {"executed_lines": [], "summary": {"covered_lines": 0, "num_statements": 1, "percent_covered": 0.0, "percent_covered_display": "0", "missing_lines": 1, "excluded_lines": 0, "percent_statements_covered": 0.0, "percent_statements_covered_display": "0"}, "missing_lines": [492], "excluded_lines": [], "start_line": 491}, "EntityStore.upsert_entity": {"executed_lines": [], "summary": {"covered_lines": 0, "num_statements": 15, "percent_covered": 0.0, "percent_covered_display": "0", "missing_lines": 15, "excluded_lines": 0, "percent_statements_covered": 0.0, "percent_statements_covered_display": "0"}, "missing_lines": [503, 512, 513, 515, 517, 518, 519, 520, 521, 522, 523, 525, 533, 534, 535], "excluded_lines": [], "start_line": 494}, "EntityStore.get_boost_memory_ids": {"executed_lines": [], "summary": {"covered_lines": 0, "num_statements": 19, "percent_covered": 0.0, "percent_covered_display": "0", "missing_lines": 19, "excluded_lines": 0, "percent_statements_covered": 0.0, "percent_statements_covered_display": "0"}, "missing_lines": [546, 547, 550, 553, 554, 555, 556, 557, 558, 559, 561, 562, 563, 566, 567, 568, 569, 570, 572], "excluded_lines": [], "start_line": 537}, "": {"executed_lines": [], "summary": {"covered_lines": 0, "num_statements": 29, "percent_covered": 0.0, "percent_covered_display": "0", "missing_lines": 29, "excluded_lines": 0, "percent_statements_covered": 0.0, "percent_statements_covered_display": "0"}, "missing_lines": [3, 5, 6, 7, 9, 10, 12, 13, 14, 15, 16, 19, 27, 30, 33, 98, 115, 148, 193, 203, 261, 357, 440, 450, 471, 488, 491, 494, 537], "excluded_lines": [], "start_line": 1}}, "classes": {"MemoryStore": {"executed_lines": [], "summary": {"covered_lines": 0, "num_statements": 180, "percent_covered": 0.0, "percent_covered_display": "0", "missing_lines": 180, "excluded_lines": 0, "percent_statements_covered": 0.0, "percent_statements_covered_display": "0"}, "missing_lines": [31, 41, 44, 51, 52, 53, 54, 56, 57, 66, 67, 70, 71, 75, 78, 79, 80, 81, 82, 83, 84, 85, 88, 90, 91, 94, 96, 100, 107, 108, 110, 111, 113, 124, 126, 127, 128, 129, 132, 133, 136, 143, 144, 146, 156, 157, 158, 160, 162, 163, 165, 166, 168, 171, 172, 176, 178, 181, 182, 183, 184, 188, 190, 191, 195, 196, 197, 199, 200, 201, 212, 217, 218, 221, 231, 232, 235, 238, 239, 241, 243, 244, 247, 253, 255, 257, 259, 275, 276, 277, 280, 283, 284, 288, 289, 290, 291, 292, 293, 294, 295, 296, 297, 298, 299, 300, 301, 302, 304, 306, 315, 316, 318, 319, 321, 322, 324, 325, 326, 328, 329, 330, 331, 334, 335, 337, 339, 340, 343, 349, 351, 353, 355, 379, 381, 384, 389, 390, 392, 393, 394, 396, 397, 398, 401, 403, 404, 407, 408, 409, 410, 411, 412, 413, 416, 417, 419, 422, 425, 426, 427, 429, 430, 431, 432, 438, 447, 448, 460, 461, 462, 463, 464, 465, 466, 467, 468, 469, 479, 485], "excluded_lines": [], "start_line": 27}, "EntityStore": {"executed_lines": [], "summary": {"covered_lines": 0, "num_statements": 35, "percent_covered": 0.0, "percent_covered_display": "0", "missing_lines": 35, "excluded_lines": 0, "percent_statements_covered": 0.0, "percent_statements_covered_display": "0"}, "missing_lines": [492, 503, 512, 513, 515, 517, 518, 519, 520, 521, 522, 523, 525, 533, 534, 535, 546, 547, 550, 553, 554, 555, 556, 557, 558, 559, 561, 562, 563, 566, 567, 568, 569, 570, 572], "excluded_lines": [], "start_line": 488}, "": {"executed_lines": [], "summary": {"covered_lines": 0, "num_statements": 33, "percent_covered": 0.0, "percent_covered_display": "0", "missing_lines": 33, "excluded_lines": 0, "percent_statements_covered": 0.0, "percent_statements_covered_display": "0"}, "missing_lines": [3, 5, 6, 7, 9, 10, 12, 13, 14, 15, 16, 19, 21, 22, 23, 24, 27, 30, 33, 98, 115, 148, 193, 203, 261, 357, 440, 450, 471, 488, 491, 494, 537], "excluded_lines": [], "start_line": 1}}}, "mnemonic/temporal_decay.py": {"executed_lines": [12, 13, 14, 17, 25, 28, 31, 53, 54, 57, 60, 63, 66, 69, 72, 75, 77, 80, 82, 85, 101, 108], "summary": {"covered_lines": 22, "num_statements": 23, "percent_covered": 95.65217391304348, "percent_covered_display": "96", "missing_lines": 1, "excluded_lines": 0, "percent_statements_covered": 95.65217391304348, "percent_statements_covered_display": "96"}, "missing_lines": [110], "excluded_lines": [], "functions": {"calculate_temporal_importance": {"executed_lines": [53, 54, 57, 60, 63, 66, 69, 72, 75, 77], "summary": {"covered_lines": 10, "num_statements": 10, "percent_covered": 100.0, "percent_covered_display": "100", "missing_lines": 0, "excluded_lines": 0, "percent_statements_covered": 100.0, "percent_statements_covered_display": "100"}, "missing_lines": [], "excluded_lines": [], "start_line": 31}, "get_decay_rate": {"executed_lines": [82], "summary": {"covered_lines": 1, "num_statements": 1, "percent_covered": 100.0, "percent_covered_display": "100", "missing_lines": 0, "excluded_lines": 0, "percent_statements_covered": 100.0, "percent_statements_covered_display": "100"}, "missing_lines": [], "excluded_lines": [], "start_line": 80}, "should_compress_memory": {"executed_lines": [101], "summary": {"covered_lines": 1, "num_statements": 1, "percent_covered": 100.0, "percent_covered_display": "100", "missing_lines": 0, "excluded_lines": 0, "percent_statements_covered": 100.0, "percent_statements_covered_display": "100"}, "missing_lines": [], "excluded_lines": [], "start_line": 85}, "calculate_importance_boost": {"executed_lines": [], "summary": {"covered_lines": 0, "num_statements": 1, "percent_covered": 0.0, "percent_covered_display": "0", "missing_lines": 1, "excluded_lines": 0, "percent_statements_covered": 0.0, "percent_statements_covered_display": "0"}, "missing_lines": [110], "excluded_lines": [], "start_line": 108}, "": {"executed_lines": [12, 13, 14, 17, 25, 28, 31, 80, 85, 108], "summary": {"covered_lines": 10, "num_statements": 10, "percent_covered": 100.0, "percent_covered_display": "100", "missing_lines": 0, "excluded_lines": 0, "percent_statements_covered": 100.0, "percent_statements_covered_display": "100"}, "missing_lines": [], "excluded_lines": [], "start_line": 1}}, "classes": {"": {"executed_lines": [12, 13, 14, 17, 25, 28, 31, 53, 54, 57, 60, 63, 66, 69, 72, 75, 77, 80, 82, 85, 101, 108], "summary": {"covered_lines": 22, "num_statements": 23, "percent_covered": 95.65217391304348, "percent_covered_display": "96", "missing_lines": 1, "excluded_lines": 0, "percent_statements_covered": 95.65217391304348, "percent_statements_covered_display": "96"}, "missing_lines": [110], "excluded_lines": [], "start_line": 1}}}}, "totals": {"covered_lines": 389, "num_statements": 1388, "percent_covered": 28.02593659942363, "percent_covered_display": "28", "missing_lines": 999, "excluded_lines": 0, "percent_statements_covered": 28.02593659942363, "percent_statements_covered_display": "28"}}